<?xml version="1.0" encoding="UTF-8"?>
<!-- Generated by org.testng.reporters.JUnitReportReporter -->
<testsuite hostname="DESKTOP-K8C255O" failures="0" tests="1" name="com.ems.json_schema_validation.NetworkNtJsonSchemaValidator" time="6.178" errors="0" timestamp="2022-09-26T10:33:04 GMT-07:00" skipped="0">
  <testcase classname="com.ems.json_schema_validation.NetworkNtJsonSchemaValidator" name="validateJsonSchema" time="6.178"/>
  <system-out/>
</testsuite> <!-- com.ems.json_schema_validation.NetworkNtJsonSchemaValidator -->
