<?xml version="1.0" encoding="UTF-8"?>
<!-- Generated by org.testng.reporters.JUnitReportReporter -->
<testsuite hostname="DESKTOP-K8C255O" failures="0" tests="2" name="com.ems.json_schema_validation.RestAssuredJsonSchemaValidation" time="15.192" errors="0" timestamp="2022-09-22T19:35:44 GMT-07:00" skipped="1">
  <testcase classname="com.ems.json_schema_validation.RestAssuredJsonSchemaValidation" name="validationUsingMatchesJsonSchema" time="15.192"/>
  <system-out/>
  <testcase classname="com.ems.json_schema_validation.RestAssuredJsonSchemaValidation" name="validationusingJsonSchemaInClassPath">
    <skipped/>
  </testcase> <!-- validationusingJsonSchemaInClassPath -->
  <system-out/>
</testsuite> <!-- com.ems.json_schema_validation.RestAssuredJsonSchemaValidation -->
